[10-Oct-2018 13:19:11 Europe/Berlin] PHP Notice:  Undefined index: menu-Opt in C:\xampp\htdocs\server\SampleUssdApp.php on line 74
[11-Oct-2018 20:36:52 Europe/Berlin] PHP Notice:  Undefined index:  in C:\xampp\htdocs\server\SampleUssdApp.php on line 1351
[11-Oct-2018 20:36:52 Europe/Berlin] PHP Notice:  Undefined index:  in C:\xampp\htdocs\server\SampleUssdApp.php on line 1352
[11-Oct-2018 20:42:25 Europe/Berlin] PHP Notice:  Undefined index:  in C:\xampp\htdocs\server\SampleUssdApp.php on line 1354
[11-Oct-2018 20:42:25 Europe/Berlin] PHP Notice:  Undefined index:  in C:\xampp\htdocs\server\SampleUssdApp.php on line 1355
[11-Oct-2018 21:22:52 Europe/Berlin] PHP Notice:  Array to string conversion in C:\xampp\htdocs\server\SampleUssdApp.php on line 1353
[11-Oct-2018 21:27:41 Europe/Berlin] PHP Notice:  Undefined index: menu-Opt in C:\xampp\htdocs\server\SampleUssdApp.php on line 301
[11-Oct-2018 21:33:02 Europe/Berlin] PHP Notice:  Undefined index: menu-Opt in C:\xampp\htdocs\server\SampleUssdApp.php on line 301
[11-Oct-2018 21:36:45 Europe/Berlin] PHP Notice:  Undefined index: menu-Opt in C:\xampp\htdocs\server\SampleUssdApp.php on line 301
[11-Oct-2018 21:40:40 Europe/Berlin] PHP Notice:  Undefined index: menu-Opt in C:\xampp\htdocs\server\SampleUssdApp.php on line 301
[11-Oct-2018 21:51:13 Europe/Berlin] PHP Notice:  Undefined index: menu-Opt in C:\xampp\htdocs\server\SampleUssdApp.php on line 303
[11-Oct-2018 21:51:13 Europe/Berlin] PHP Notice:  Undefined variable: symptom in C:\xampp\htdocs\server\SampleUssdApp.php on line 1389
[11-Oct-2018 21:51:13 Europe/Berlin] PHP Warning:  count(): Parameter must be an array or an object that implements Countable in C:\xampp\htdocs\server\SampleUssdApp.php on line 1389
[11-Oct-2018 21:51:13 Europe/Berlin] PHP Notice:  Undefined variable: myfile in C:\xampp\htdocs\server\SampleUssdApp.php on line 1393
[11-Oct-2018 21:51:13 Europe/Berlin] PHP Warning:  fclose() expects parameter 1 to be resource, null given in C:\xampp\htdocs\server\SampleUssdApp.php on line 1393
[11-Oct-2018 21:51:26 Europe/Berlin] PHP Notice:  Undefined variable: symptom in C:\xampp\htdocs\server\SampleUssdApp.php on line 1389
[11-Oct-2018 21:51:26 Europe/Berlin] PHP Warning:  count(): Parameter must be an array or an object that implements Countable in C:\xampp\htdocs\server\SampleUssdApp.php on line 1389
[11-Oct-2018 21:51:26 Europe/Berlin] PHP Notice:  Undefined variable: myfile in C:\xampp\htdocs\server\SampleUssdApp.php on line 1393
[11-Oct-2018 21:51:26 Europe/Berlin] PHP Warning:  fclose() expects parameter 1 to be resource, null given in C:\xampp\htdocs\server\SampleUssdApp.php on line 1393
[11-Oct-2018 21:51:34 Europe/Berlin] PHP Notice:  Undefined variable: symptom in C:\xampp\htdocs\server\SampleUssdApp.php on line 1389
[11-Oct-2018 21:51:34 Europe/Berlin] PHP Warning:  count(): Parameter must be an array or an object that implements Countable in C:\xampp\htdocs\server\SampleUssdApp.php on line 1389
[11-Oct-2018 21:51:34 Europe/Berlin] PHP Notice:  Undefined variable: myfile in C:\xampp\htdocs\server\SampleUssdApp.php on line 1393
[11-Oct-2018 21:51:34 Europe/Berlin] PHP Warning:  fclose() expects parameter 1 to be resource, null given in C:\xampp\htdocs\server\SampleUssdApp.php on line 1393
[11-Oct-2018 21:51:51 Europe/Berlin] PHP Notice:  Undefined variable: symptom in C:\xampp\htdocs\server\SampleUssdApp.php on line 1389
[11-Oct-2018 21:51:51 Europe/Berlin] PHP Warning:  count(): Parameter must be an array or an object that implements Countable in C:\xampp\htdocs\server\SampleUssdApp.php on line 1389
[11-Oct-2018 21:51:51 Europe/Berlin] PHP Notice:  Undefined variable: myfile in C:\xampp\htdocs\server\SampleUssdApp.php on line 1393
[11-Oct-2018 21:51:51 Europe/Berlin] PHP Warning:  fclose() expects parameter 1 to be resource, null given in C:\xampp\htdocs\server\SampleUssdApp.php on line 1393
[11-Oct-2018 21:52:02 Europe/Berlin] PHP Notice:  Undefined variable: symptom in C:\xampp\htdocs\server\SampleUssdApp.php on line 1389
[11-Oct-2018 21:52:02 Europe/Berlin] PHP Warning:  count(): Parameter must be an array or an object that implements Countable in C:\xampp\htdocs\server\SampleUssdApp.php on line 1389
[11-Oct-2018 21:52:02 Europe/Berlin] PHP Notice:  Undefined variable: myfile in C:\xampp\htdocs\server\SampleUssdApp.php on line 1393
[11-Oct-2018 21:52:02 Europe/Berlin] PHP Warning:  fclose() expects parameter 1 to be resource, null given in C:\xampp\htdocs\server\SampleUssdApp.php on line 1393
[11-Oct-2018 21:54:15 Europe/Berlin] PHP Notice:  Undefined index: menu-Opt in C:\xampp\htdocs\server\SampleUssdApp.php on line 303
[11-Oct-2018 21:54:15 Europe/Berlin] PHP Notice:  Undefined variable: symptom in C:\xampp\htdocs\server\SampleUssdApp.php on line 1391
[11-Oct-2018 21:54:15 Europe/Berlin] PHP Warning:  count(): Parameter must be an array or an object that implements Countable in C:\xampp\htdocs\server\SampleUssdApp.php on line 1391
[11-Oct-2018 21:54:15 Europe/Berlin] PHP Notice:  Undefined variable: myfile in C:\xampp\htdocs\server\SampleUssdApp.php on line 1395
[11-Oct-2018 21:54:15 Europe/Berlin] PHP Warning:  fclose() expects parameter 1 to be resource, null given in C:\xampp\htdocs\server\SampleUssdApp.php on line 1395
[11-Oct-2018 21:54:30 Europe/Berlin] PHP Notice:  Undefined variable: symptom in C:\xampp\htdocs\server\SampleUssdApp.php on line 1391
[11-Oct-2018 21:54:30 Europe/Berlin] PHP Warning:  count(): Parameter must be an array or an object that implements Countable in C:\xampp\htdocs\server\SampleUssdApp.php on line 1391
[11-Oct-2018 21:54:30 Europe/Berlin] PHP Notice:  Undefined variable: myfile in C:\xampp\htdocs\server\SampleUssdApp.php on line 1395
[11-Oct-2018 21:54:30 Europe/Berlin] PHP Warning:  fclose() expects parameter 1 to be resource, null given in C:\xampp\htdocs\server\SampleUssdApp.php on line 1395
[11-Oct-2018 21:54:38 Europe/Berlin] PHP Notice:  Undefined variable: symptom in C:\xampp\htdocs\server\SampleUssdApp.php on line 1391
[11-Oct-2018 21:54:38 Europe/Berlin] PHP Warning:  count(): Parameter must be an array or an object that implements Countable in C:\xampp\htdocs\server\SampleUssdApp.php on line 1391
[11-Oct-2018 21:54:38 Europe/Berlin] PHP Notice:  Undefined variable: myfile in C:\xampp\htdocs\server\SampleUssdApp.php on line 1395
[11-Oct-2018 21:54:38 Europe/Berlin] PHP Warning:  fclose() expects parameter 1 to be resource, null given in C:\xampp\htdocs\server\SampleUssdApp.php on line 1395
[11-Oct-2018 21:54:48 Europe/Berlin] PHP Notice:  Undefined variable: symptom in C:\xampp\htdocs\server\SampleUssdApp.php on line 1391
[11-Oct-2018 21:54:48 Europe/Berlin] PHP Warning:  count(): Parameter must be an array or an object that implements Countable in C:\xampp\htdocs\server\SampleUssdApp.php on line 1391
[11-Oct-2018 21:54:48 Europe/Berlin] PHP Notice:  Undefined variable: myfile in C:\xampp\htdocs\server\SampleUssdApp.php on line 1395
[11-Oct-2018 21:54:48 Europe/Berlin] PHP Warning:  fclose() expects parameter 1 to be resource, null given in C:\xampp\htdocs\server\SampleUssdApp.php on line 1395
[11-Oct-2018 21:54:58 Europe/Berlin] PHP Notice:  Undefined variable: symptom in C:\xampp\htdocs\server\SampleUssdApp.php on line 1391
[11-Oct-2018 21:54:58 Europe/Berlin] PHP Warning:  count(): Parameter must be an array or an object that implements Countable in C:\xampp\htdocs\server\SampleUssdApp.php on line 1391
[11-Oct-2018 21:54:58 Europe/Berlin] PHP Notice:  Undefined variable: myfile in C:\xampp\htdocs\server\SampleUssdApp.php on line 1395
[11-Oct-2018 21:54:58 Europe/Berlin] PHP Warning:  fclose() expects parameter 1 to be resource, null given in C:\xampp\htdocs\server\SampleUssdApp.php on line 1395
[11-Oct-2018 21:56:58 Europe/Berlin] PHP Notice:  Undefined index: menu-Opt in C:\xampp\htdocs\server\SampleUssdApp.php on line 303
[11-Oct-2018 22:07:53 Europe/Berlin] PHP Notice:  Undefined index: menu-Opt in C:\xampp\htdocs\server\SampleUssdApp.php on line 303
[11-Oct-2018 22:09:44 Europe/Berlin] PHP Notice:  Array to string conversion in C:\xampp\htdocs\server\SampleUssdApp.php on line 1362
[11-Oct-2018 22:09:45 Europe/Berlin] PHP Fatal error:  Uncaught Error: Call to undefined function delete() in C:\xampp\htdocs\server\SampleUssdApp.php:1368
Stack trace:
#0 {main}
  thrown in C:\xampp\htdocs\server\SampleUssdApp.php on line 1368
[11-Oct-2018 22:19:05 Europe/Berlin] PHP Fatal error:  Uncaught Error: Call to undefined function delete() in C:\xampp\htdocs\server\SampleUssdApp.php:1368
Stack trace:
#0 {main}
  thrown in C:\xampp\htdocs\server\SampleUssdApp.php on line 1368
[11-Oct-2018 22:24:13 Europe/Berlin] PHP Fatal error:  Uncaught Error: Call to undefined function delete() in C:\xampp\htdocs\server\SampleUssdApp.php:1368
Stack trace:
#0 {main}
  thrown in C:\xampp\htdocs\server\SampleUssdApp.php on line 1368
